<?xml version="1.0" encoding="UTF-8"?>
<!-- Generated by org.testng.reporters.JUnitReportReporter -->
<testsuite hostname="DESKTOP-LUE80JB" failures="0" tests="1" name="test_Scripts.CorporateLoginTest" time="3.237" errors="0" timestamp="2022-12-01T07:50:17 IST" skipped="0">
  <testcase classname="test_Scripts.CorporateLoginTest" name="Via" time="3.237"/>
  <system-out/>
</testsuite> <!-- test_Scripts.CorporateLoginTest -->
