<?xml version="1.0" encoding="UTF-8"?>
<!-- Generated by org.testng.reporters.JUnitReportReporter -->
<testsuite hostname="TYSS-Yogita" failures="0" tests="1" name="test_Scripts.LoginTestCase" time="8.662" errors="0" timestamp="2022-10-10T12:44:17 IST" skipped="0">
  <testcase classname="test_Scripts.LoginTestCase" name="tc" time="8.662"/>
  <system-out/>
</testsuite> <!-- test_Scripts.LoginTestCase -->
